[2026-07-09T10:55:00+02:00] iter=1 login_http=405
[2026-07-09T10:55:55+02:00] iter=1 all_ok=0 consec_before=0
1_health_version|0|Beta 5.0.26|HTTP200
2_pnl_health|0|HTTP404
3_manager|1|HTTP200
4_kalshi_live|0|HTTP404
5_epoch_reconcile|0|kalshi_pnl=0|HTTP200
6_regroup_milestones|0|HTTP404

[2026-07-09T10:57:56+02:00] iter=2 login_http=405
[2026-07-09T10:58:47+02:00] iter=2 all_ok=0 consec_before=0
1_health_version|0|Beta 5.0.26|HTTP200
2_pnl_health|0|HTTP404
3_manager|1|HTTP200
4_kalshi_live|0|HTTP404
5_epoch_reconcile|0|kalshi_pnl=0|HTTP200
6_regroup_milestones|0|HTTP404

[2026-07-09T11:00:48+02:00] iter=3 login_http=405
[2026-07-09T11:01:41+02:00] iter=3 all_ok=0 consec_before=0
1_health_version|0|Beta 5.0.26|HTTP200
2_pnl_health|0|HTTP404
3_manager|1|HTTP200
4_kalshi_live|0|HTTP404
5_epoch_reconcile|0|kalshi_pnl=0|HTTP200
6_regroup_milestones|0|HTTP404

[2026-07-09T11:03:42+02:00] iter=4 login_http=405
[2026-07-09T11:04:37+02:00] iter=4 all_ok=0 consec_before=0
1_health_version|0|Beta 5.0.26|HTTP200
2_pnl_health|0|HTTP404
3_manager|1|HTTP200
4_kalshi_live|0|HTTP404
5_epoch_reconcile|0|kalshi_pnl=0|HTTP200
6_regroup_milestones|0|HTTP404

[2026-07-09T11:06:37+02:00] iter=5 login_http=405
[2026-07-09T11:07:23+02:00] iter=5 all_ok=0 consec_before=0
1_health_version|0|Beta 5.0.26|HTTP200
2_pnl_health|0|HTTP404
3_manager|1|HTTP200
4_kalshi_live|0|HTTP404
5_epoch_reconcile|0|kalshi_pnl=0|HTTP502
6_regroup_milestones|0|HTTP502

[2026-07-09T11:09:24+02:00] iter=6 login_http=405
[2026-07-09T11:10:22+02:00] iter=6 all_ok=0 consec_before=0
1_health_version|1|Beta 5.0.27|HTTP200
2_pnl_health|0|HTTP200
3_manager|1|HTTP200
4_kalshi_live|1|HTTP200
5_epoch_reconcile|0|kalshi_pnl=0|HTTP200
6_regroup_milestones|1|HTTP200

[2026-07-09T11:10:22+02:00] Running railway repair scripts...
Using SSH key from file /Users/afard/.ssh/railway_ed25519.pub: afard@As-MacBook-Air-190.local
repaired best struct_lb4_pull0.35_ub0.70_rp0.2_si1.50_blkT_s4_lb_resist_sigma delta=-220.85
Using SSH key from file /Users/afard/.ssh/railway_ed25519.pub: afard@As-MacBook-Air-190.local
Traceback (most recent call last):
  File "/app/scripts/pnl_first_paper_ab_report.py", line 75, in <module>
    raise SystemExit(main())
                     ^^^^^^
  File "/app/scripts/pnl_first_paper_ab_report.py", line 29, in main
    from src.scheduler.loop import TradingLoop
ImportError: cannot import name 'TradingLoop' from 'src.scheduler.loop' (/app/src/scheduler/loop.py)
pnl_first_paper_ab_report FAILED
[2026-07-09T11:10:45+02:00] iter=7 login_http=405
[2026-07-09T11:11:39+02:00] iter=7 all_ok=0 consec_before=0
1_health_version|1|Beta 5.0.27|HTTP200
2_pnl_health|0|HTTP200
3_manager|1|HTTP200
4_kalshi_live|1|HTTP200
5_epoch_reconcile|0|kalshi_pnl=0|HTTP200
6_regroup_milestones|1|HTTP200

